
[1.3.13 ~ 1.3.17] 更新内容

- 拆分小白条底部间距设置为横屏、竖屏两项

- 简化了【默认动画】下的上一个/下一个应用切换动效

- 其它设置 增加 [切换到桌面] 开关，允许设置 上一应用/下一应用 动作是否切换到桌面

- 调整了边缘手势的灵敏度，变得更容易触发

- 修复两侧边缘的手势动画部分情况下显示不完整

- 行为动作增加 [屏幕滤镜] 的 [正常截图] (和我另一款软件py)

- 调整了"上一应用" “下一应用” 的逻辑

- 定制动画1、2 效果调整

- 根据系统夜间模式状态，自动切换设置界面颜色

- 优化小白条描边显示效果、调整基本动画返回桌面的效果

- 去掉了自定义震动反馈设置，改为跟随系统默认的轻触和长按反馈

- 调整震动设置





[1.3.10] 优化内容



- 避免常见应用面板显示位置超出屏幕



- 缩短小白条长按动作触发时长



- 本论更新告一段落，后会有期(也可能后会无期)



- 以下是相对于上个正式版(1.2.7)的更新总结：







## 为你的手机添加手势导航功能



- 使用方式：系统设置 - 无障碍 - 辅助服务 - 激活“Gesture手势导航”







### 注意事项：



1. MIUI及其它定制系统，请授予应用“后台弹出界面”权限



2. 如果你正在使用旧版Gesture，更新后请重新开关辅助服务



3. 对于已ROOT的用户，建议配合 “ROOT增强” 选项使用



4. 建议看看软件内的常见问题内容







#### 初始设定



> 竖屏模式



- 返回：两侧边缘向屏幕内侧滑动



- 任务：两侧边缘或底部，向屏幕内测滑动并悬停



- 首页：底部向上滑动







> 横屏模式



- 底部小白条左右滑动返回、上滑回到桌面、上滑悬停打开多任务界面







#### 版本更新内容



- 拓展了一些额外的动作



  打开自定义应用、常用应用面板、应用窗口化、执行指定脚本







- 调整了一些细节



  小白条淡出不透明度拆分为横屏、竖屏单独设置，并增加描边设置



  增加定制的 **返回桌面/应用切换** 动画







- 增加了全新的手势区域



  全新的底部三段式手势热区，支持滑动和滑动悬停







- 小白条功能强化



  如果你的设备性能比较好，并且已经获得ROOT权限，不妨试试小白条自动变色功能



  增加 **轻触** 和 **按压/长按** 手势



  增加 **上一应用** 和 **下一应用** 动作







【1.3.9】



- 小白条的按压动作支持通过长按触发，兼容更多设备



- 增加小白条的轻触和长按分别添加不同强度的震动反馈







【1.3.8】



- 小白条增加轻触、按压动作



- 手上没支持压感的手机，自己测吧







【1.3.6】



- 默认不从多任务界面隐藏应用，方便锁定后台



- 通过ROOT权限实现的小白条自适应颜色



- 增加“上一应用/下一应用” 排除列表







### 变色响应速度



骁龙855 Miui10(P)：100 ~ 250毫秒



骁龙710 Miui11(P)：170 ~ 250毫秒



骁龙710 Miui11(Q):  375 ~ 2000毫秒







> 所以，恕在下直言，如果手机性能比较差(指CPU部分)，或者系统优化比较辣x鸡，就别开这个选项了







【1.3.5】



- 小白条细节调整







【1.3.4】



- 增加 “EX-常用应用” 面板



- 补充了一些缺失的动作提示图标







【1.3.3】



- 修复 部分应用切换到窗口模式时闪退的问题



- 增加 窗口模式启动应用的自定义动作







【1.3.2】



- 优化横屏下的三段式手势显示效果



- 添加常见问题说明解释（字有点多）



- 增加 [打开应用、执行脚本] 动作（自认为不常用，界面做的比较简陋）







【1.3.1】



- 修复调节简易手势设置出现未响应



- 增加实验性的“窗口化”功能







【1.3.0】



- 又多了10个设置项，总之应用越来越胖了



- 增加了本人最讨厌的三段式手势功能（恶臭！）







【1.2.14】



* 使用全新的小白条功能，左滑切换上一应用，右滑切换下一应用



## 注意事项：



1. MIUI及其它定制系统，请授予应用“后台弹出界面”权限



2. 你需要重新开关辅助服务，才能让软件检测到应用切换过程



3. 对于已ROOT的用户，建议配合 “ROOT增强” 选项使用



## 其它说明：



由于系统不允许普通应用读取后台任务信息，所以没有ROOT权限或Xposed的支持，无法完成后台状态检测。



因此只能根据应用打开记录进行切换，可能会导致已经关闭的应用被重新打开。







【1.2.11】



- 修复部分系统返回桌面动画不生效



- 重新设计前进后退队列逻辑



- 在上下切换应用时不重启应用（仍有部分应用在切换时会重新加载，正在研究解决办法）







【1.2.10】



- 一个充满实验性的版本，增加切换【上一应用 / 下一应用】选项



- 【上一个应用/下一个应用/返回桌面】操作的动画设置



- 允许关闭横屏防误触功能



- 上一个应用/下一个应用 提示 > 的，需要关掉手势辅助服务重新开







【1.2.8】



- 优化锁屏状态判断，修复在部分设备上开启了“息屏隐藏”重启手机后不显示“小白条”







【1.2.7】



- 关于OneUI的调整，将禁用系统手势功能作为可选项







【1.2.6】



- 难以察觉的细微调整（ emmm，这一轮的更新大概就到这里了，后会有期~ ）



- 已作为历史版本已加入 Github上的releases发布，



https://github.com/helloklf/EdgeGesture/releases



【1.2.5】



- 增加锁屏隐藏小白条选项







【1.2.4】



- 息屏时自动隐藏小白条，避免在AOD界面显示



- 调整了小白条底部间距计算逻辑







【1.2.3】



- 增加小白条的高度、阴影、底部间距调节项







【1.2.2】



- 重新整理了一下设置界面的选项







【1.2.1】



- 多到令人头大的设置选项



- 由于一些功能改变，你原来的设置可能已经失效了~







【1.2.0】



- 增加横竖屏使用小白条的开关，以及动作和外观自定义选项



- emmm，越来越臃肿了~







【1.1.10】



- 增加横屏时手势区域更换成小白条选项







【1.1.9】



- 横屏时缩小底部手势区域降低游戏误触几率







【1.1.8】



- 增加三星OneUI独有的优化提示







【1.1.7 更新日志】



- 修复了发现的问题







【1.1.6更新日志】



- 大幅（35%~90%）降低内存占用







【1.1.5更新日志】



- 震动反馈调节加入，根据自己的喜好调节震动强度，把马达耍起来吧！







【1.1.4 更新日志】



- 修复 底部热区高度调为0会遮挡全屏的问题



- 修复 手势动作设置项错位



- 增加悬停手势触发时长选项







【1.1.3 更新日志】



- 诈尸的一天，增加热区灵敏度



- 允许调整底部热区宽度



- 进入设置界面时热区高亮显示







【1.1.2 更新日志】



- 修复了一些动画细节问题。emmm，似乎对于一款追求轻量的软件来说，差不多可以结束更新了，如果没有重大bug出现的话







【1.1.0 更新日志】



- 终于开始做自定义选项了，时间仓促 界面和细节略粗糙，见谅~



- 为了方便部分用户锁定后台，改为默认显示桌面图标











【1.0.6 极致精简版 更新日志】



- 修复在部分设备上偶现的底部手势热区变大



- 优化悬停手势震动反馈







【1.0.5 更新日志】



- 修复在5.0系统上启动失败







【1.0.4 更新日志】



- 大幅压缩软件体积







【1.0.3 更新日志】



- 为了方便大家锁定后台，增加一个切换启动图标的选项（默认还是不显示启动图标，从辅助服务界面的设置进去，不懂的可以看截图）







【1.0.2 更新日志】



- 修复手势动画顶部被截断的问题







【1.0.1 更新日志】



- 降低系统版本要求到 Android 5.0



- 优化手势震动为 仅滑动悬停才震动